{
  "RSpec": {
    "coverage": {
      "/Users/student/Documents/GitHub/acebook-rails-template/app/controllers/posts_controller.rb": [
        1,
        1,
        2,
        null,
        null,
        1,
        3,
        3,
        null,
        null,
        1,
        3,
        null,
        null,
        1,
        null,
        1,
        3,
        null,
        null
      ],
      "/Users/student/Documents/GitHub/acebook-rails-template/app/controllers/application_controller.rb": [
        1,
        1,
        null
      ],
      "/Users/student/Documents/GitHub/acebook-rails-template/spec/features/user_can_submit_posts_spec.rb": [
        1,
        null,
        1,
        1,
        1,
        1,
        1,
        1,
        1,
        null,
        null
      ],
      "/Users/student/Documents/GitHub/acebook-rails-template/spec/models/post_spec.rb": [
        1,
        null,
        1,
        2,
        null
      ],
      "/Users/student/Documents/GitHub/acebook-rails-template/app/models/post.rb": [
        1,
        null
      ],
      "/Users/student/Documents/GitHub/acebook-rails-template/app/models/application_record.rb": [
        1,
        1,
        null
      ]
    },
    "timestamp": 1576237799
  }
}
